[pa_capture] port=COM5 baud=115200 output=sanity_m115.log
[pa_capture] commands: ['M115']
[pa_capture] >> M115
<< FIRMWARE_NAME:Prusa-Firmware-Buddy 6.5.3+11975.LOCAL (Github) SOURCE_CODE_URL:https://github.com/prusa3d/Prusa-Firmware-Buddy PROTOCOL_VERSION:1.0 MACHINE_TYPE:Prusa-MK4S EXTRUDER_COUNT:1 UUID:cede2a2f-41a2-4748-9b12-c55c62f367ff
<< Cap:SERIAL_XON_XOFF:0
<< Cap:BINARY_FILE_TRANSFER:0
<< Cap:EEPROM:0
<< Cap:VOLUMETRIC:1
<< Cap:AUTOREPORT_TEMP:1
<< Cap:PROGRESS:0
<< Cap:PRINT_JOB:1
<< Cap:AUTOLEVEL:1
<< Cap:Z_PROBE:1
<< Cap:LEVELING_DATA:1
<< Cap:BUILD_PERCENT:0
<< Cap:SOFTWARE_POWER:1
<< Cap:TOGGLE_LIGHTS:0
<< Cap:CASE_LIGHT_BRIGHTNESS:0
<< Cap:EMERGENCY_PARSER:0
<< Cap:PROMPT_SUPPORT:0
<< Cap:AUTOREPORT_SD_STATUS:0
<< Cap:THERMAL_PROTECTION:0
<< Cap:MOTION_MODES:0
<< Cap:CHAMBER_TEMPERATURE:0
<< ok
[pa_capture] idle timeout; stopping
[pa_capture] done. saw_end=False output=sanity_m115.log
